Running UI analysis with timeout for entrypoint class: 120 SECONDS
com.skiddle.androidapps.skiddle_2022-10-17: OutputDir not a directory: /media/syc/0366bf72-bfa6-421f-b97e-e0b4905a754d/GoalExplorer-1.2.0/GoalExplorer/target/./res/com.skiddle.androidapps.skiddle_2022-10-17
Found 18 entrypoint classes and 24 methods in overall
Found 1 reachable methods from <com.skiddle.androidapps.skiddle.refactoring.activities.OldSplashActivity: void onCreate(android.os.Bundle)>
Found 3 reachable methods from <com.skiddle.androidapps.skiddle.activity.SpotifyAuthActivity: void onCreate(android.os.Bundle)>
java.io.FileNotFoundException: /media/syc/0366bf72-bfa6-421f-b97e-e0b4905a754d/GoalExplorer-1.2.0/GoalExplorer/target/backstage/res/listenerListWithOnMethods.txt (No such file or directory)
	at java.io.FileInputStream.open0(Native Method)
	at java.io.FileInputStream.open(FileInputStream.java:195)
	at java.io.FileInputStream.<init>(FileInputStream.java:138)
	at java.io.FileReader.<init>(FileReader.java:72)
	at st.cs.uni.saarland.de.searchListener.StmtSwitchToFindListener.loadSetListenerMethodsWithOnMethods(StmtSwitchToFindListener.java:598)
	at st.cs.uni.saarland.de.searchListener.StmtSwitchToFindListener.<init>(StmtSwitchToFindListener.java:24)
	at sun.reflect.NativeConstructorAccessorImpl.newInstance0(Native Method)
	at sun.reflect.NativeConstructorAccessorImpl.newInstance(NativeConstructorAccessorImpl.java:62)
	at sun.reflect.DelegatingConstructorAccessorImpl.newInstance(DelegatingConstructorAccessorImpl.java:45)
	at java.lang.reflect.Constructor.newInstance(Constructor.java:423)
	at st.cs.uni.saarland.de.uiAnalysis.BaseForwardWalker.run(BaseForwardWalker.java:84)
	at st.cs.uni.saarland.de.uiAnalysis.ListenersFinder.run(ListenersFinder.java:24)
	at st.cs.uni.saarland.de.uiAnalysis.LifecycleUIAnalyzer.lambda$getTask$25(LifecycleUIAnalyzer.java:420)
	at java.util.concurrent.FutureTask.run(FutureTask.java:266)
	at java.util.concurrent.ThreadPoolExecutor.runWorker(ThreadPoolExecutor.java:1149)
	at java.util.concurrent.ThreadPoolExecutor$Worker.run(ThreadPoolExecutor.java:624)
	at java.lang.Thread.run(Thread.java:750)

Found 5 reachable methods from <com.skiddle.androidapps.skiddle.activity.TicketsTermsActivity: void onCreate(android.os.Bundle)>
Found 1 reachable methods from <com.skiddle.androidapps.skiddle.refactoring.activities.OldSplashActivity: void onStart()>
Found 9 reachable methods from <com.skiddle.androidapps.skiddle.activity.WaitingListRemindMeActivity: void onStart()>
com.skiddle.androidapps.skiddle.refactoring.activities.OldSplashActivity: Finished processing of entrypoints after 1 seconds.
Found 11 reachable methods from <com.skiddle.androidapps.skiddle.refactoring.activities.NotificationAndLocationPermissionActivity: void onCreate(android.os.Bundle)>
Found 17 reachable methods from <com.skiddle.androidapps.skiddle.activity.CoolOffActivity: void onCreate(android.os.Bundle)>
com.skiddle.androidapps.skiddle.activity.SpotifyAuthActivity: Finished processing of entrypoints after 1 seconds.
com.skiddle.androidapps.skiddle.activity.TicketsTermsActivity: Finished processing of entrypoints after 1 seconds.
Found 12 reachable methods from <com.skiddle.androidapps.skiddle.activity.BuyTicketActivity: void onCreate(android.os.Bundle)>
Found 15 reachable methods from <com.skiddle.androidapps.skiddle.refactoring.activities.LoginSignupActivity: void onCreate(android.os.Bundle)>
Error StringSwitch: Doesn't find searchedReg in initializationOfField: $r8 = $r3.<com.skiddle.androidapps.skiddle.databinding.ActicityCoolOffBinding: com.skiddle.androidapps.skiddle.customview.TextViewDefaultFont txtOrderNumber>
Found 13 reachable methods from <com.skiddle.androidapps.skiddle.activity.MyTicketTermsActivity: void onCreate(android.os.Bundle)>
com.skiddle.androidapps.skiddle.refactoring.activities.NotificationAndLocationPermissionActivity: Finished processing of entrypoints after 1 seconds.
Found 9 reachable methods from <com.skiddle.androidapps.skiddle.refactoring.activities.WalkthroughActivity: void onCreate(android.os.Bundle)>
com.skiddle.androidapps.skiddle.activity.BuyTicketActivity: Finished processing of entrypoints after 1 seconds.
Found 13 reachable methods from <com.skiddle.androidapps.skiddle.refactoring.activities.register.RegisterActivity: void onCreate(android.os.Bundle)>
Error LayoutSwitch: Doesn't find searchedREg or searchedIDReg in initializationOfField: $r19 = $r3.<com.skiddle.androidapps.skiddle.databinding.ActivityMyticketsTermsAndConditionsBinding: android.widget.LinearLayout llTcsContainer>
com.skiddle.androidapps.skiddle.refactoring.activities.LoginSignupActivity: Finished processing of entrypoints after 1 seconds.
com.skiddle.androidapps.skiddle.refactoring.activities.WalkthroughActivity: Finished processing of entrypoints after 1 seconds.
Found 1 reachable methods from <com.skiddle.androidapps.skiddle.activity.CoolOffActivity: void onStart()>
com.skiddle.androidapps.skiddle.activity.MyTicketTermsActivity: Finished processing of entrypoints after 1 seconds.
com.skiddle.androidapps.skiddle.activity.CoolOffActivity: Finished processing of entrypoints after 1 seconds.
Found 14 reachable methods from <com.skiddle.androidapps.skiddle.activity.InAppPaymentActivity: void onCreate(android.os.Bundle)>
Found 4 reachable methods from <com.skiddle.androidapps.skiddle.activity.WaitingListRemindMeActivity: void onCreate(android.os.Bundle)>
com.skiddle.androidapps.skiddle.activity.WaitingListRemindMeActivity: Finished processing of entrypoints after 2 seconds.
com.skiddle.androidapps.skiddle.refactoring.activities.register.RegisterActivity: Finished processing of entrypoints after 2 seconds.
com.skiddle.androidapps.skiddle.activity.InAppPaymentActivity: Finished processing of entrypoints after 2 seconds.
Found 28 reachable methods from <com.skiddle.androidapps.skiddle.activity.EventRatingsActivity: void onCreate(android.os.Bundle)>
Found 1 reachable methods from <com.skiddle.androidapps.skiddle.activity.EventRatingsActivity: void onStart()>
com.skiddle.androidapps.skiddle.activity.EventRatingsActivity: Finished processing of entrypoints after 2 seconds.
Found 24 reachable methods from <com.skiddle.androidapps.skiddle.checkout.CheckoutActivity: void onCreate(android.os.Bundle)>
com.skiddle.androidapps.skiddle.checkout.CheckoutActivity: Finished processing of entrypoints after 3 seconds.
Found 33 reachable methods from <com.skiddle.androidapps.skiddle.refactoring.activities.authentication.AuthenticationActivity: void onCreate(android.os.Bundle)>
com.skiddle.androidapps.skiddle.refactoring.activities.authentication.AuthenticationActivity: Finished processing of entrypoints after 3 seconds.
Found 29 reachable methods from <com.skiddle.androidapps.skiddle.activity.ReSellActivity: void onCreate(android.os.Bundle)>
Error StringSwitch: Doesn't find searchedReg in initializationOfField: $r2 = $r1.<com.skiddle.androidapps.skiddle.databinding.ActivityReSellBinding: com.skiddle.androidapps.skiddle.customview.TextViewDefaultFont txtCanelReselHeader>
Error StringSwitch: Doesn't find searchedReg in initializationOfField: $r4 = $r3.<com.skiddle.androidapps.skiddle.databinding.ActivityReSellBinding: com.skiddle.androidapps.skiddle.customview.TextViewDefaultFont txtReselCount>
com.skiddle.androidapps.skiddle.activity.ReSellActivity: Finished processing of entrypoints after 3 seconds.
Found 57 reachable methods from <com.skiddle.androidapps.skiddle.refactoring.activities.splash.SplashActivity: void onCreate(android.os.Bundle)>
Found 5 reachable methods from <com.skiddle.androidapps.skiddle.refactoring.activities.splash.SplashActivity: void onStart()>
com.skiddle.androidapps.skiddle.refactoring.activities.splash.SplashActivity: Finished processing of entrypoints after 4 seconds.
Found 128 reachable methods from <com.skiddle.androidapps.skiddle.home.HomeActivity: void onCreate(android.os.Bundle)>
Did not find string name from string id: id: 2131952694
Found 4 reachable methods from <com.skiddle.androidapps.skiddle.home.HomeActivity: void onStart()>
com.skiddle.androidapps.skiddle.home.HomeActivity: Finished processing of entrypoints after 8 seconds.
AppController:addText: elementID not found for adding text: elementID: 2131363692
AppController:addText: elementID not found for adding text: elementID: 2131363855
Did not find string name from string id: id: 2131952071
AppController:addText: elementID not found for adding text: elementID: 2131363855
AppController:addText: elementID not found for adding text: elementID: 2131362145
AppController:addText: elementID not found for adding text: elementID: 2131363847
AppController:addText: elementID not found for adding text: elementID: 2131363847
AppController:addText: elementID not found for adding text: elementID: 2131363845
AppController:addText: elementID not found for adding text: elementID: 2131363786
AppController:addText: elementID not found for adding text: elementID: 2131363855
AppController:addText: elementID not found for adding text: elementID: 2131363728
Did not find string name from string id: id: 2131952077
AppController:addText: elementID not found for adding text: elementID: 2131363855
AppController:addText: elementID not found for adding text: elementID: 2131362368
AppController:addText: elementID not found for adding text: elementID: 2131362369
AppController:addText: elementID not found for adding text: elementID: 2131363830
AppController:addText: elementID not found for adding text: elementID: 2131363834
AppController:addText: elementID not found for adding text: elementID: 2131363865
Did not find string name from string id: id: 2131952073
AppController:addText: elementID not found for adding text: elementID: 2131363855
AppController:addText: elementID not found for adding text: elementID: 2131363869
AppController:addText: elementID not found for adding text: elementID: 2131363740
Dynamical declared elements, found: 0
Found 0 callback classes and 0 methods overall
java.io.IOException: No such file or directory
	at java.io.UnixFileSystem.createFileExclusively(Native Method)
	at java.io.File.createNewFile(File.java:1023)
	at st.cs.uni.saarland.de.testApps.Main_UI_Analysis.createFile(Main_UI_Analysis.java:425)
	at st.cs.uni.saarland.de.testApps.Main_UI_Analysis.saveClassToClassOrLayoutFile(Main_UI_Analysis.java:402)
	at st.cs.uni.saarland.de.testApps.Main_UI_Analysis.runAnalysisForOneApp(Main_UI_Analysis.java:345)
	at st.cs.uni.saarland.de.testApps.TestApp.performUiAnalysis(TestApp.java:132)
	at android.goal.explorer.STGExtractor.runBackstage(STGExtractor.java:311)
	at android.goal.explorer.STGExtractor.<init>(STGExtractor.java:120)
	at PreAnalysisRunner.run(PreAnalysisRunner.kt:12)
	at Main$Companion.main(Main.kt:21)
	at Main.main(Main.kt)

java.io.FileNotFoundException: /media/syc/0366bf72-bfa6-421f-b97e-e0b4905a754d/GoalExplorer-1.2.0/GoalExplorer/target/./res/com.skiddle.androidapps.skiddle_2022-10-17/classesToClasseOrLayoutMapping.txt (No such file or directory)
	at java.io.FileOutputStream.open0(Native Method)
	at java.io.FileOutputStream.open(FileOutputStream.java:270)
	at java.io.FileOutputStream.<init>(FileOutputStream.java:213)
	at st.cs.uni.saarland.de.testApps.Main_UI_Analysis.saveClassToClassOrLayoutFile(Main_UI_Analysis.java:404)
	at st.cs.uni.saarland.de.testApps.Main_UI_Analysis.runAnalysisForOneApp(Main_UI_Analysis.java:345)
	at st.cs.uni.saarland.de.testApps.TestApp.performUiAnalysis(TestApp.java:132)
	at android.goal.explorer.STGExtractor.runBackstage(STGExtractor.java:311)
	at android.goal.explorer.STGExtractor.<init>(STGExtractor.java:120)
	at PreAnalysisRunner.run(PreAnalysisRunner.kt:12)
	at Main$Companion.main(Main.kt:21)
	at Main.main(Main.kt)

UI Analysis has run for 9.031377412 seconds
Entry point creation has run for 0.008157574 seconds
java.io.FileNotFoundException: /media/syc/0366bf72-bfa6-421f-b97e-e0b4905a754d/GoalExplorer-1.2.0/GoalExplorer/target/backstage/res/susi_apis.txt (No such file or directory)
	at java.io.FileInputStream.open0(Native Method)
	at java.io.FileInputStream.open(FileInputStream.java:195)
	at java.io.FileInputStream.<init>(FileInputStream.java:138)
	at java.io.FileReader.<init>(FileReader.java:72)
	at st.cs.uni.saarland.de.helpClasses.Helper.loadSourcesAndSinks(Helper.java:271)
	at st.cs.uni.saarland.de.testApps.TestApp.runReachabilityAnalysis(TestApp.java:487)
	at android.goal.explorer.STGExtractor.runBackstage(STGExtractor.java:323)
	at android.goal.explorer.STGExtractor.<init>(STGExtractor.java:120)
	at PreAnalysisRunner.run(PreAnalysisRunner.kt:12)
	at Main$Companion.main(Main.kt:21)
	at Main.main(Main.kt)

java.io.FileNotFoundException: /media/syc/0366bf72-bfa6-421f-b97e-e0b4905a754d/GoalExplorer-1.2.0/GoalExplorer/target/backstage/res/startActivitySignatures.txt (No such file or directory)
	at java.io.FileInputStream.open0(Native Method)
	at java.io.FileInputStream.open(FileInputStream.java:195)
	at java.io.FileInputStream.<init>(FileInputStream.java:138)
	at java.io.FileInputStream.<init>(FileInputStream.java:93)
	at java.io.FileReader.<init>(FileReader.java:58)
	at st.cs.uni.saarland.de.reachabilityAnalysis.START_ACTIVITY_CONSTANTS.loadStartActivitySignatures(START_ACTIVITY_CONSTANTS.java:63)
	at st.cs.uni.saarland.de.reachabilityAnalysis.START_ACTIVITY_CONSTANTS.getStartActivityMethods(START_ACTIVITY_CONSTANTS.java:54)
	at st.cs.uni.saarland.de.reachabilityAnalysis.ReachabilityAnalysis.<init>(ReachabilityAnalysis.java:50)
	at st.cs.uni.saarland.de.testApps.TestApp.runReachabilityAnalysis(TestApp.java:491)
	at android.goal.explorer.STGExtractor.runBackstage(STGExtractor.java:323)
	at android.goal.explorer.STGExtractor.<init>(STGExtractor.java:120)
	at PreAnalysisRunner.run(PreAnalysisRunner.kt:12)
	at Main$Companion.main(Main.kt:21)
	at Main.main(Main.kt)

Running reachability analysis with timeout for each callback: 120 SECONDS
Found 0 callback methods from UI Analysis
Found 0 callback methods in overall
Used timeout 120 SECONDS
Timeouted callbacks: 0
Reachability Analysis has run for 0.037422754 seconds
